2025-03-22 18:24:04 [DEBUG] AD groups successfully loaded from INI.
2025-03-22 18:24:10 [INFO] Imported user data from CSV file: Z:\OD_PowerShell\easyONBOARDING\V1.3.X\onboarding_user_1.csv
2025-03-22 18:24:13 [INFO] ONBOARDING PERFORMED BY: PHINIT\Administrator, SamAccountName: eheß, Display Name: 'Ella Heß', UPN: 'ella.hess@phinit.local', Location: '', Company: 'PhinIT', License: 'KEINE', Password: '3908NV3O9oKXjpc', External: False
2025-03-22 18:27:33 [DEBUG] AD groups successfully loaded from INI.
2025-03-22 18:27:39 [INFO] Imported user data from CSV file: Z:\OD_PowerShell\easyONBOARDING\V1.3.X\onboarding_user_3.csv
2025-03-22 18:27:43 [INFO] ONBOARDING PERFORMED BY: PHINIT\Administrator, SamAccountName: hzobel, Display Name: 'Heiderose Zobel', UPN: 'heiderose.zobel@phinit.local', Location: '', Company: 'PhinIT', License: 'KEINE', Password: 'A4PM3nFy)Yof(Z@', External: False
2025-03-22 18:30:14 [DEBUG] AD groups successfully loaded from INI.
2025-03-22 18:30:20 [INFO] Imported user data from CSV file: Z:\OD_PowerShell\easyONBOARDING\V1.3.X\onboarding_user_3.csv
2025-03-22 18:30:23 [INFO] Imported user data from CSV file: Z:\OD_PowerShell\easyONBOARDING\V1.3.X\onboarding_user_4.csv
2025-03-22 18:30:29 [INFO] ONBOARDING PERFORMED BY: PHINIT\Administrator, SamAccountName: hnerger, Display Name: 'Hanna Nerger', UPN: 'hanna.nerger@phinit.local', Location: '', Company: 'PhinIT', License: 'KEINE', Password: 'p1mVWZ6xn5q@74A', External: False
2025-03-22 18:31:54 [DEBUG] AD groups successfully loaded from INI.
2025-03-22 18:31:59 [INFO] Imported user data from CSV file: Z:\OD_PowerShell\easyONBOARDING\V1.3.X\onboarding_user_4.csv
2025-03-22 18:32:03 [INFO] Imported user data from CSV file: Z:\OD_PowerShell\easyONBOARDING\V1.3.X\onboarding_user_5.csv
2025-03-22 18:32:07 [INFO] ONBOARDING PERFORMED BY: PHINIT\Administrator, SamAccountName: bbeer, Display Name: 'Bruni Beer', UPN: 'bruni.beer@phinit.local', Location: '', Company: 'PhinIT', License: 'KEINE', Password: 'jqGDQHeE80ju0Pe', External: False
2025-03-22 18:33:10 [DEBUG] AD groups successfully loaded from INI.
2025-03-22 18:33:16 [INFO] Imported user data from CSV file: Z:\OD_PowerShell\easyONBOARDING\V1.3.X\onboarding_user_1.csv
2025-03-22 18:33:20 [INFO] ONBOARDING PERFORMED BY: PHINIT\Administrator, SamAccountName: eheß, Display Name: 'Ella Heß', UPN: 'ella.hess@phinit.local', Location: '', Company: 'PhinIT', License: 'KEINE', Password: 'T2C1ybQDh!lTGIa', External: False
2025-03-22 18:34:43 [DEBUG] AD groups successfully loaded from INI.
2025-03-22 18:34:50 [INFO] Imported user data from CSV file: Z:\OD_PowerShell\easyONBOARDING\V1.3.X\onboarding_user_3.csv
2025-03-22 18:34:59 [INFO] ONBOARDING PERFORMED BY: PHINIT\Administrator, SamAccountName: hzobel, Display Name: 'Heiderose Zobel', UPN: 'heiderose.zobel@phinit.local', Location: '', Company: 'PhinIT', License: 'KEINE', Password: '9SWnTviP8hszPx4', External: False
2025-03-22 18:41:07 [DEBUG] AD groups successfully loaded from INI.
2025-03-22 18:42:17 [DEBUG] AD groups successfully loaded from INI.
2025-03-22 18:47:34 [DEBUG] AD groups successfully loaded from INI.
2025-03-22 18:47:44 [INFO] Imported user data from CSV file: Z:\OD_PowerShell\easyONBOARDING\V1.3.X\onboarding_user_5.csv
2025-03-22 18:48:01 [INFO] ONBOARDING PERFORMED BY: PHINIT\Administrator, SamAccountName: bbeer, Display Name: 'Bruni Beer', UPN: 'bruni.beer@phinit.local', Location: '', Company: 'PhinIT', License: 'KEINE', Password: '4lTIL!Fgr0Rc0(2', External: False
2025-03-22 18:58:37 [DEBUG] AD groups successfully loaded from INI.
2025-03-22 18:58:43 [INFO] Imported user data from CSV file: Z:\OD_PowerShell\easyONBOARDING\V1.3.X\onboarding_user_3.csv
2025-03-22 18:58:49 [INFO] Imported user data from CSV file: Z:\OD_PowerShell\easyONBOARDING\V1.3.X\onboarding_user_4.csv
2025-03-22 18:58:54 [INFO] ONBOARDING PERFORMED BY: PHINIT\Administrator, SamAccountName: hnerger, Display Name: 'Hanna Nerger', UPN: 'hanna.nerger@phinit.local', Location: '', Company: 'PhinIT', License: 'KEINE', Password: 'DC5TDZY1bQGChJL', External: False
2025-03-22 18:59:04 [INFO] Imported user data from CSV file: Z:\OD_PowerShell\easyONBOARDING\V1.3.X\onboarding_user_5.csv
2025-03-22 18:59:22 [INFO] ONBOARDING PERFORMED BY: PHINIT\Administrator, SamAccountName: bbeer, Display Name: 'Bruni Beer', UPN: 'bruni.beer@phinit.local', Location: '', Company: 'PhinIT', License: 'KEINE', Password: 'CtD49kC@5oFN2Sg', External: False
2025-03-22 18:59:41 [INFO] Imported user data from CSV file: Z:\OD_PowerShell\easyONBOARDING\V1.3.X\onboarding_user_1.csv
2025-03-22 18:59:49 [INFO] ONBOARDING PERFORMED BY: PHINIT\Administrator, SamAccountName: eheß, Display Name: 'Ella Heß', UPN: 'ella.hess@phinit.local', Location: '', Company: 'PhinIT', License: 'KEINE', Password: 'c0Mb6WZOOU2yI$P', External: False
2025-03-22 19:00:07 [INFO] Imported user data from CSV file: Z:\OD_PowerShell\easyONBOARDING\V1.3.X\onboarding_user_3.csv
2025-03-22 19:00:12 [INFO] ONBOARDING PERFORMED BY: PHINIT\Administrator, SamAccountName: hzobel, Display Name: 'Heiderose Zobel', UPN: 'heiderose.zobel@phinit.local', Location: '', Company: 'PhinIT', License: 'KEINE', Password: 'emeIO625ZF&%q9f', External: False
2025-03-22 19:04:24 [DEBUG] AD groups successfully loaded from INI.
2025-03-22 19:04:32 [INFO] Imported user data from CSV file: Z:\OD_PowerShell\easyONBOARDING\V1.3.X\onboarding_user_1.csv
2025-03-22 19:04:37 [INFO] Imported user data from CSV file: Z:\OD_PowerShell\easyONBOARDING\V1.3.X\onboarding_user_2.csv
2025-03-22 19:06:37 [DEBUG] AD groups successfully loaded from INI.
2025-03-22 19:06:46 [INFO] Imported user data from CSV file: Z:\OD_PowerShell\easyONBOARDING\V1.3.X\onboarding_user_3.csv
2025-03-22 19:06:50 [INFO] Imported user data from CSV file: Z:\OD_PowerShell\easyONBOARDING\V1.3.X\onboarding_user_4.csv
2025-03-22 19:06:56 [INFO] ONBOARDING PERFORMED BY: PHINIT\Administrator, SamAccountName: hnerger, Display Name: 'Hanna Nerger', UPN: 'hanna.nerger@phinit.local', Location: '', Company: 'PhinIT', License: 'KEINE', Password: '*Kl($5BLIs00a7E', External: False
2025-03-22 19:07:37 [DEBUG] AD groups successfully loaded from INI.
2025-03-22 19:08:46 [DEBUG] AD groups successfully loaded from INI.
2025-03-22 19:09:04 [DEBUG] AD groups successfully loaded from INI.
2025-03-22 19:09:38 [DEBUG] AD groups successfully loaded from INI.
2025-03-22 19:20:59 [DEBUG] AD groups successfully loaded from INI.
2025-03-22 19:21:34 [DEBUG] AD groups successfully loaded from INI.
2025-03-22 19:22:39 [DEBUG] AD groups successfully loaded from INI.
2025-03-22 19:24:21 [DEBUG] AD groups successfully loaded from INI.
2025-03-22 19:25:10 [DEBUG] AD groups successfully loaded from INI.
2025-03-22 19:25:35 [DEBUG] AD groups successfully loaded from INI.
2025-03-22 19:26:03 [DEBUG] AD groups successfully loaded from INI.
2025-03-22 19:32:35 [DEBUG] AD groups successfully loaded from INI.
2025-03-22 19:34:55 [DEBUG] AD groups successfully loaded from INI.
2025-03-22 19:40:07 [DEBUG] AD groups successfully loaded from INI.
2025-03-22 19:44:04 [DEBUG] AD groups successfully loaded from INI.
2025-03-22 19:54:24 [DEBUG] AD groups successfully loaded from INI.
2025-03-22 20:32:33 [DEBUG] AD groups successfully loaded from INI.
2025-03-22 20:37:03 [DEBUG] AD groups successfully loaded from INI.
2025-03-22 20:37:20 [INFO] Imported user data from CSV file: Z:\OD_PowerShell\easyONBOARDING\V1.3.X\onboarding_user_1.csv
2025-03-22 20:37:32 [INFO] ONBOARDING PERFORMED BY: PHINIT\Administrator, SamAccountName: eheß, Display Name: 'PH | Ella Heß', UPN: 'ella.hess@phinit.local', Location: '', Company: 'PhinIT', License: 'KEINE', Password: 'JF#1*sfs2ssMxFL', External: False
2025-03-22 20:37:47 [INFO] Imported user data from CSV file: Z:\OD_PowerShell\easyONBOARDING\V1.3.X\onboarding_user_2.csv
2025-03-22 20:37:53 [INFO] ONBOARDING PERFORMED BY: PHINIT\Administrator, SamAccountName: mbinner, Display Name: 'EXTERN | Marga Binner', UPN: 'marga.binner@phinit.local', Location: '', Company: 'PhinIT', License: 'KEINE', Password: '#1H*R1Rq253!z8^', External: False
2025-03-22 20:38:14 [INFO] Imported user data from CSV file: Z:\OD_PowerShell\easyONBOARDING\V1.3.X\onboarding_user_3.csv
2025-03-22 20:38:26 [INFO] ONBOARDING PERFORMED BY: PHINIT\Administrator, SamAccountName: hzobel, Display Name: 'Zobel, Heiderose', UPN: 'heiderose.zobel@phinit.local', Location: '', Company: 'PhinIT', License: 'MS365_BUSINESS-STD', Password: 'M7Ex1C8%^0V!*ms', External: False
2025-03-22 20:38:58 [DEBUG] System.Collections.Specialized.OrderedDictionary successfully loaded: 
Name                           Value
----                           -----
SamAccountName                 hzobel
UPN                            heiderose.zobel@phinit.local
Password                       M7Ex1C8%^0V!*ms


2025-03-22 20:39:27 [DEBUG] System.Collections.Specialized.OrderedDictionary successfully loaded: 
Name                           Value
----                           -----
SamAccountName                 hzobel
UPN                            heiderose.zobel@phinit.local
Password                       M7Ex1C8%^0V!*ms


2025-03-22 20:50:21 [DEBUG] AD groups successfully loaded from INI.
2025-03-22 20:50:31 [INFO] Imported user data from CSV file: Z:\OD_PowerShell\easyONBOARDING\V1.3.X\onboarding_user_4.csv
2025-03-22 20:50:40 [INFO] ONBOARDING PERFORMED BY: PHINIT\Administrator, SamAccountName: hnerger, Display Name: 'Hanna.Nerger', UPN: 'hanna.nerger@phinit.local', Location: '', Company: 'PhinIT', License: 'KEINE', Password: 'a8$jBf5d4QUY5HQ', External: False
2025-03-22 20:50:43 [DEBUG] System.Collections.Specialized.OrderedDictionary successfully loaded: 
Name                           Value
----                           -----
SamAccountName                 hnerger
UPN                            hanna.nerger@phinit.local
Password                       a8$jBf5d4QUY5HQ


2025-03-22 20:54:44 [DEBUG] AD groups successfully loaded from INI.
2025-03-22 20:54:50 [INFO] Imported user data from CSV file: Z:\OD_PowerShell\easyONBOARDING\V1.3.X\onboarding_user_5.csv
2025-03-22 20:54:51 [INFO] ONBOARDING PERFORMED BY: PHINIT\Administrator, SamAccountName: bbeer, Display Name: 'Bruni Beer', UPN: 'bruni.beer@phinit.local', Location: '', Company: 'PhinIT', License: 'KEINE', Password: 'e*g@eVEry272u7d', External: False
2025-03-22 20:54:53 [DEBUG] System.Collections.Specialized.OrderedDictionary successfully loaded: 
Name                           Value
----                           -----
SamAccountName                 bbeer
UPN                            bruni.beer@phinit.local
Password                       e*g@eVEry272u7d


2025-03-22 20:55:08 [INFO] ONBOARDING PERFORMED BY: PHINIT\Administrator, SamAccountName: bbeer, Display Name: 'Bruni Beer', UPN: 'bruni.beer@phinit.local', Location: '', Company: 'PhinIT', License: 'KEINE', Password: 'P5(f2vQnVUJEa0c', External: False
2025-03-22 20:55:36 [INFO] Imported user data from CSV file: Z:\OD_PowerShell\easyONBOARDING\V1.3.X\onboarding_user_1.csv
2025-03-22 20:55:38 [DEBUG] Selected file: Z:\OD_PowerShell\easyONBOARDING\V1.3.X\REPICON.png
2025-03-22 20:55:52 [INFO] ONBOARDING PERFORMED BY: PHINIT\Administrator, SamAccountName: eheß, Display Name: 'Ella Heß', UPN: 'ella.hess@phinit.local', Location: '', Company: 'PhinIT', License: 'KEINE', Password: 'G667tmHP%I3m0lm', External: False
2025-03-22 20:56:00 [DEBUG] System.Collections.Specialized.OrderedDictionary successfully loaded: 
Name                           Value
----                           -----
SamAccountName                 eheß
UPN                            ella.hess@phinit.local
Password                       G667tmHP%I3m0lm


2025-03-22 21:11:30 [DEBUG] AD groups successfully loaded from INI.
2025-03-22 21:11:47 [INFO] Imported user data from CSV file: Z:\OD_PowerShell\easyONBOARDING\V1.3.X\onboarding_user_4.csv
2025-03-22 21:11:48 [INFO] ONBOARDING PERFORMED BY: PHINIT\Administrator, SamAccountName: hnerger, Display Name: 'Hanna Nerger', UPN: 'hanna.nerger@phinit.local', Location: '', Company: 'PhinIT', License: 'KEINE', Password: 'TZEyLucZWWrL81W', External: False
2025-03-22 21:19:08 [DEBUG] AD groups successfully loaded from INI.
2025-03-22 21:19:16 [INFO] Imported user data from CSV file: Z:\OD_PowerShell\easyONBOARDING\V1.3.X\onboarding_user_4.csv
2025-03-22 21:19:17 [INFO] ONBOARDING PERFORMED BY: PHINIT\Administrator, SamAccountName: hnerger, Display Name: 'Hanna Nerger', UPN: 'hanna.nerger@phinit.local', Location: '', Company: 'PhinIT', License: 'KEINE', Password: 'xyF5iE4PuUR69@x', External: False
2025-03-22 21:23:41 [DEBUG] AD groups successfully loaded from INI.
2025-03-22 21:23:53 [INFO] Imported user data from CSV file: Z:\OD_PowerShell\easyONBOARDING\V1.3.X\onboarding_user_5.csv
2025-03-22 21:23:55 [INFO] ONBOARDING PERFORMED BY: PHINIT\Administrator, SamAccountName: bbeer, Display Name: 'Bruni Beer', UPN: 'bruni.beer@phinit.local', Location: '', Company: 'PhinIT', License: 'KEINE', Password: 'iAbC#Mx&oOntN91', External: False
2025-03-22 21:24:08 [INFO] ONBOARDING PERFORMED BY: PHINIT\Administrator, SamAccountName: bbeer, Display Name: 'Bruni Beer', UPN: 'bruni.beer@phinit.local', Location: '', Company: 'PhinIT', License: 'KEINE', Password: '7GHv@tLr9XJwA86', External: False
2025-03-22 21:24:20 [DEBUG] AD groups successfully loaded from INI.
2025-03-22 21:24:27 [INFO] Imported user data from CSV file: Z:\OD_PowerShell\easyONBOARDING\V1.3.X\onboarding_user_4.csv
2025-03-22 21:24:29 [INFO] ONBOARDING PERFORMED BY: PHINIT\Administrator, SamAccountName: hnerger, Display Name: 'Hanna Nerger', UPN: 'hanna.nerger@phinit.local', Location: '', Company: 'PhinIT', License: 'KEINE', Password: '8h%MN0csdf6GDWj', External: False
2025-03-22 21:25:05 [INFO] ONBOARDING PERFORMED BY: PHINIT\Administrator, SamAccountName: hnerger, Display Name: 'Hanna Nerger', UPN: 'hanna.nerger@phinit.local', Location: '', Company: 'PhinIT', License: 'KEINE', Password: '0CDTUC0wBJTYp56', External: False
2025-03-22 21:26:27 [DEBUG] System.Collections.Specialized.OrderedDictionary successfully loaded: 
Name                           Value
----                           -----
SamAccountName                 hnerger
UPN                            hanna.nerger@phinit.local
Password                       0CDTUC0wBJTYp56


2025-03-22 21:29:42 [INFO] Imported user data from CSV file: Z:\OD_PowerShell\easyONBOARDING\V1.3.X\onboarding_user_4.csv
2025-03-22 21:29:48 [INFO] Imported user data from CSV file: Z:\OD_PowerShell\easyONBOARDING\V1.3.X\onboarding_user_5.csv
2025-03-22 21:29:50 [INFO] ONBOARDING PERFORMED BY: PHINIT\Administrator, SamAccountName: bbeer, Display Name: 'Bruni Beer', UPN: 'bruni.beer@phinit.local', Location: '', Company: 'PhinIT', License: 'KEINE', Password: 'R5KGO3VYO*1Ro$i', External: False
2025-03-22 21:30:05 [INFO] ONBOARDING PERFORMED BY: PHINIT\Administrator, SamAccountName: bbeer, Display Name: 'Bruni Beer', UPN: 'bruni.beer@phinit.local', Location: '', Company: 'PhinIT', License: 'MS365_BUSINESS-STD', Password: 'QQ4hB&Y4sJ2!0Tv', External: False
2025-03-22 21:34:04 [DEBUG] AD groups successfully loaded from INI.
2025-03-22 21:34:26 [INFO] Imported user data from CSV file: Z:\OD_PowerShell\easyONBOARDING\V1.3.X\onboarding_user_1.csv
2025-03-22 21:34:28 [INFO] ONBOARDING PERFORMED BY: PHINIT\Administrator, SamAccountName: eheß, Display Name: 'Ella Heß', UPN: 'ella.hess@phinit.local', Location: '', Company: 'PhinIT', License: 'KEINE', Password: 'cJ!6rH8$RKCWhF$', External: False
2025-03-22 21:35:42 [INFO] Imported user data from CSV file: Z:\OD_PowerShell\easyONBOARDING\V1.3.X\onboarding_user_2.csv
2025-03-22 21:35:47 [INFO] ONBOARDING PERFORMED BY: PHINIT\Administrator, SamAccountName: mbinner, Display Name: 'Marga Binner', UPN: 'marga.binner@phinit.local', Location: '', Company: 'PhinIT', License: 'MS365_BUSINESS-PREM', Password: '3dZ2JXaG2I@pV7^', External: False
2025-03-22 21:35:50 [DEBUG] System.Collections.Specialized.OrderedDictionary successfully loaded: 
Name                           Value
----                           -----
SamAccountName                 mbinner
UPN                            marga.binner@phinit.local
Password                       3dZ2JXaG2I@pV7^


2025-03-22 21:40:03 [DEBUG] AD groups successfully loaded from INI.
2025-03-22 21:41:16 [DEBUG] INI, LOG, Module, etc. regions initialized.
2025-03-22 21:41:16 [DEBUG] Loading Active Directory module.
2025-03-22 21:41:16 [DEBUG] Loading AD module
2025-03-22 21:41:17 [DEBUG] Active Directory module loaded successfully.
2025-03-22 21:41:17 [DEBUG] Loading WPF assemblies.
2025-03-22 21:41:17 [DEBUG] WPF assemblies loaded successfully.
2025-03-22 21:41:17 [DEBUG] Determining XAML file path.
2025-03-22 21:41:17 [DEBUG] Loading XAML file: 
2025-03-22 21:41:42 [DEBUG] INI, LOG, Module, etc. regions initialized.
2025-03-22 21:41:42 [DEBUG] Loading Active Directory module.
2025-03-22 21:41:42 [DEBUG] Loading AD module
2025-03-22 21:41:42 [DEBUG] Active Directory module loaded successfully.
2025-03-22 21:41:42 [DEBUG] Loading WPF assemblies.
2025-03-22 21:41:42 [DEBUG] WPF assemblies loaded successfully.
2025-03-22 21:41:42 [DEBUG] Determining XAML file path.
2025-03-22 21:41:42 [DEBUG] Loading XAML file: 
2025-03-22 21:41:43 [DEBUG] XAML file loaded successfully.
2025-03-22 21:41:43 [DEBUG] XAML file successfully loaded.
2025-03-22 21:41:43 [DEBUG] XAML file loaded
2025-03-22 21:41:43 [DEBUG] Defining UPN generation function.
2025-03-22 21:41:43 [DEBUG] Generating UPN for user.
2025-03-22 21:41:43 [DEBUG] Registering GUI event handlers.
2025-03-22 21:41:43 [DEBUG] Registering GUI event handler for .
2025-03-22 21:41:43 [DEBUG] Defining AD command execution function.
2025-03-22 21:41:43 [DEBUG] Executing AD command.
2025-03-22 21:41:43 [DEBUG] Defining configuration value access function.
2025-03-22 21:41:43 [DEBUG] Accessing configuration value: .
2025-03-22 21:41:43 [DEBUG] Defining template processing functions.
2025-03-22 21:41:43 [DEBUG] Resolving template placeholders.
2025-03-22 21:41:43 [DEBUG] Function to replace placeholders - UPN
2025-03-22 21:41:43 [DEBUG] No UPNFormat given, fallback to SamAccountName + domain
2025-03-22 21:41:43 [DEBUG] Loading AD groups.
2025-03-22 21:41:43 [DEBUG] Loading AD groups from INI.
2025-03-22 21:41:43 [DEBUG] Loading AD groups from INI...
2025-03-22 21:41:43 [DEBUG] Found AD groups: 30
2025-03-22 21:41:43 [DEBUG] Added group: Display='DEV', Group='TEAM-1'
2025-03-22 21:41:43 [DEBUG] Added group: Display='OPS', Group='TEAM-2'
2025-03-22 21:41:43 [DEBUG] Added group: Display='QA', Group='TEAM-3'
2025-03-22 21:41:43 [DEBUG] Added group: Display='SEC', Group='TEAM-4'
2025-03-22 21:41:43 [DEBUG] Added group: Display='NET', Group='TEAM-5'
2025-03-22 21:41:43 [DEBUG] Added group: Display='DBA', Group='TEAM-6'
2025-03-22 21:41:43 [DEBUG] Added group: Display='SUP', Group='TEAM-7'
2025-03-22 21:41:43 [DEBUG] Added group: Display='PM', Group='TEAM-8'
2025-03-22 21:41:43 [DEBUG] Added group: Display='UX', Group='TEAM-9'
2025-03-22 21:41:43 [DEBUG] Added group: Display='DOC', Group='TEAM-10'
2025-03-22 21:41:43 [DEBUG] Added group: Display='TEST', Group='TEAM-11'
2025-03-22 21:41:43 [DEBUG] Added group: Display='AI', Group='TEAM-12'
2025-03-22 21:41:44 [DEBUG] Added group: Display='CLOUD', Group='TEAM-13'
2025-03-22 21:41:44 [DEBUG] Added group: Display='IOT', Group='TEAM-14'
2025-03-22 21:41:44 [DEBUG] Added group: Display='DEVOPS', Group='TEAM-15'
2025-03-22 21:41:44 [DEBUG] Added group: Display='ARCH', Group='TEAM-16'
2025-03-22 21:41:44 [DEBUG] Added group: Display='BI', Group='TEAM-17'
2025-03-22 21:41:44 [DEBUG] Added group: Display='SECOPS', Group='TEAM-18'
2025-03-22 21:41:44 [DEBUG] Added group: Display='SRE', Group='TEAM-19'
2025-03-22 21:41:44 [DEBUG] Added group: Display='ML', Group='TEAM-20'
2025-03-22 21:41:44 [DEBUG] Added group: Display='DATA', Group='TEAM-21'
2025-03-22 21:41:44 [DEBUG] Added group: Display='WEB', Group='TEAM-22'
2025-03-22 21:41:44 [DEBUG] Added group: Display='MOBILE', Group='TEAM-23'
2025-03-22 21:41:44 [DEBUG] Added group: Display='GAME', Group='TEAM-24'
2025-03-22 21:41:44 [DEBUG] Added group: Display='ERP', Group='TEAM-25'
2025-03-22 21:41:44 [DEBUG] Added group: Display='BLOCKCHAIN', Group='TEAM-26'
2025-03-22 21:41:44 [DEBUG] Added group: Display='VR', Group='TEAM-27'
2025-03-22 21:41:44 [DEBUG] Added group: Display='AR', Group='TEAM-28'
2025-03-22 21:41:44 [DEBUG] Added group: Display='EDGE', Group='TEAM-29'
2025-03-22 21:41:44 [DEBUG] Added group: Display='API', Group='TEAM-30'
2025-03-22 21:41:44 [DEBUG] AD groups successfully loaded from INI: 30 groups.
2025-03-22 21:41:44 [DEBUG] AD groups successfully loaded from INI.
2025-03-22 21:41:44 [DEBUG] Populating dropdowns (OU, Location, License, MailSuffix, DisplayName Template).
2025-03-22 21:41:44 [DEBUG] Dropdown: OU Refresh
2025-03-22 21:41:44 [DEBUG] Refreshing OU dropdown.
2025-03-22 21:41:44 [DEBUG] Dropdown: DisplayName Dropdown populate
2025-03-22 21:41:44 [DEBUG] Populating display name template dropdown.
2025-03-22 21:41:44 [DEBUG] Default DisplayName Format: {first} {last}
2025-03-22 21:41:44 [DEBUG] DisplayName Template found: PH | {first} {last}
2025-03-22 21:41:44 [DEBUG] DisplayName Template found: EXTERN | {first} {last}
2025-03-22 21:41:44 [DEBUG] DisplayName Template found: {first} {last}
2025-03-22 21:41:44 [DEBUG] DisplayName Template found: {last}, {first}
2025-03-22 21:41:44 [DEBUG] DisplayName Template found: {first}.{last}
2025-03-22 21:41:44 [DEBUG] DisplayName Template found: {last}.{first}
2025-03-22 21:41:44 [DEBUG] Display name template dropdown populated successfully.
2025-03-22 21:41:44 [DEBUG] Dropdown: License Dropdown populate
2025-03-22 21:41:44 [DEBUG] Populating license dropdown.
2025-03-22 21:41:44 [DEBUG] License dropdown populated successfully.
2025-03-22 21:41:44 [DEBUG] Dropdown: TLGroups Dropdown populate
2025-03-22 21:41:44 [DEBUG] Populating team leader group dropdown.
2025-03-22 21:41:44 [DEBUG] Team leader group dropdown populated successfully.
2025-03-22 21:41:45 [DEBUG] Dropdown: MailSuffix Dropdown populate
2025-03-22 21:41:45 [DEBUG] Populating email domain suffix dropdown.
2025-03-22 21:41:45 [DEBUG] Email domain suffix dropdown populated successfully.
2025-03-22 21:41:45 [DEBUG] Dropdown: Location Dropdown populate
2025-03-22 21:41:45 [DEBUG] Populating location dropdown.
2025-03-22 21:41:45 [DEBUG] Initializing UPN Template Display.
2025-03-22 21:41:45 [DEBUG] Found UPN template in INI: FIRSTNAME.LASTNAME
2025-03-22 21:41:45 [DEBUG] UPN Template Display directly set to: FIRSTNAME.LASTNAME
2025-03-22 21:41:45 [DEBUG] Setting initial selection to default format: {first} {last}
2025-03-22 21:41:45 [DEBUG] Selected matching item for default format
2025-03-22 21:41:45 [DEBUG] Defining utility functions.
2025-03-22 21:41:45 [DEBUG] Set-Logo
2025-03-22 21:41:45 [DEBUG] Setting logo.
2025-03-22 21:41:45 [DEBUG] Defining advanced password generation function.
2025-03-22 21:41:45 [DEBUG] Generating advanced password.
2025-03-22 21:41:45 [DEBUG] Starting onboarding process.
2025-03-22 21:41:45 [DEBUG] Set-DropDownValues
2025-03-22 21:41:45 [DEBUG] Process-ADGroups
2025-03-22 21:41:45 [DEBUG] Processing AD groups.
2025-03-22 21:41:45 [DEBUG] Get-ADData
2025-03-22 21:41:45 [DEBUG] Retrieving AD data.
2025-03-22 21:41:45 [DEBUG] Open-INIEditor
2025-03-22 21:41:45 [DEBUG] Opening INI editor.
2025-03-22 21:41:45 [DEBUG] Defining GUI implementation.
2025-03-22 21:41:45 [DEBUG] GUI Collecting selected groups from the AD groups panel
2025-03-22 21:41:45 [DEBUG] Collecting selected AD groups from panel.
2025-03-22 21:41:45 [DEBUG] Setting up logo upload button.
2025-03-22 21:41:45 [DEBUG] GUI: TAB easyONBOARDING loaded
2025-03-22 21:41:45 [DEBUG] Onboarding tab loaded.
2025-03-22 21:41:45 [DEBUG] Setting up onboarding button handler.
2025-03-22 21:41:45 [DEBUG] Registering event handler for btnOnboard
2025-03-22 21:41:45 [DEBUG] TAB easyONBOARDING - BUTTON - CREATE PDF
2025-03-22 21:41:46 [DEBUG] Setting up PDF creation button.
2025-03-22 21:41:46 [DEBUG] TAB easyONBOARDING - BUTTON selected - CREATE PDF
2025-03-22 21:41:46 [DEBUG] Registering event handler for ProxyMail button
2025-03-22 21:41:46 [DEBUG] TAB easyONBOARDING - BUTTON Info
2025-03-22 21:41:46 [DEBUG] Setting up info button.
2025-03-22 21:41:46 [DEBUG] TAB easyONBOARDING - BUTTON selected: Info
2025-03-22 21:41:46 [DEBUG] TAB easyONBOARDING - BUTTON Close
2025-03-22 21:41:46 [DEBUG] Setting up close button.
2025-03-22 21:41:46 [DEBUG] BUTTON selected: Close
2025-03-22 21:41:46 [DEBUG] GUI: TAB easyADUpdate loaded
2025-03-22 21:41:46 [DEBUG] Setting up CSV import functionality.
2025-03-22 21:41:46 [DEBUG] Registering event handler for Import CSV button
2025-03-22 21:41:46 [DEBUG] Registering event handler for Clear Preview button
2025-03-22 21:41:46 [DEBUG] AD Update tab loaded.
2025-03-22 21:41:46 [DEBUG] Registering event for btnSearchADUpdate in Tab_ADUpdate
2025-03-22 21:41:46 [DEBUG] Registering event for Refresh User List button in Tab_ADUpdate
2025-03-22 21:41:46 [DEBUG] Registering event handler for btnADUserUpdate
2025-03-22 21:41:46 [DEBUG] Registering event handler for btnADUserCancel
2025-03-22 21:41:46 [DEBUG] Settings tab loaded.
2025-03-22 21:41:46 [DEBUG] GUI: Main GUI execution
2025-03-22 21:41:46 [DEBUG] Applying branding settings from INI file
2025-03-22 21:41:46 [DEBUG] Footer text set successfully
2025-03-22 21:41:46 [DEBUG] Branding settings applied successfully
2025-03-22 21:41:47 [DEBUG] INI Editor loaded with file path: Z:\OD_PowerShell\easyONBOARDING\V1.3.X\easyONB.ini
2025-03-22 21:41:47 [DEBUG] Loading INI sections and settings for the editor
2025-03-22 21:41:47 [DEBUG] Loaded 20 INI sections
2025-03-22 21:41:50 [DEBUG] Import CSV button clicked
2025-03-22 21:41:52 [DEBUG] CSV file selected: Z:\OD_PowerShell\easyONBOARDING\V1.3.X\onboarding_user_3.csv
2025-03-22 21:41:52 [DEBUG] Successfully imported CSV with 1 records
2025-03-22 21:41:53 [DEBUG] CSV row properties: FirstName, LastName, Description, OfficeRoom, PhoneNumber, MobileNumber, Position, DepartmentField, EmailAddress, Ablaufdatum, External, TL, AL, AccountDisabled
2025-03-22 21:41:53 [DEBUG] GUI elements successfully loaded.
2025-03-22 21:41:53 [DEBUG] Set FirstName to: Heiderose
2025-03-22 21:41:53 [DEBUG] Set LastName to: Zobel
2025-03-22 21:41:53 [DEBUG] Set DisplayName to: Heiderose Zobel
2025-03-22 21:41:53 [DEBUG] Set Email to: heiderose.zobel@firma.de
2025-03-22 21:41:53 [DEBUG] Set Office to: 2.OG R192
2025-03-22 21:41:53 [DEBUG] Set Phone to: (07661) 51829
2025-03-22 21:41:53 [DEBUG] Set Mobile to: +49(0) 079657136
2025-03-22 21:41:53 [DEBUG] Set Position to: Medizininformatiker
2025-03-22 21:41:53 [DEBUG] Set Department to: IT
2025-03-22 21:41:53 [DEBUG] Set Description to: Automatisch generierter Testbenutzer
2025-03-22 21:41:53 [DEBUG] Set External to: False
2025-03-22 21:41:53 [DEBUG] Set TL to: False
2025-03-22 21:41:53 [DEBUG] Set AL to: False
2025-03-22 21:41:55 [INFO] Imported user data from CSV file: Z:\OD_PowerShell\easyONBOARDING\V1.3.X\onboarding_user_3.csv
2025-03-22 21:42:21 [DEBUG] Found OUs: 4
2025-03-22 21:42:21 [DEBUG] Dropdown: OU-DropDown successfully populated.
2025-03-22 21:42:24 [DEBUG] Onboarding button clicked!
2025-03-22 21:42:24 [DEBUG] Processing 30 items in AD groups panel
2025-03-22 21:42:24 [DEBUG] Found 30 checkboxes in panel
2025-03-22 21:42:24 [DEBUG] Selected group: DEV
2025-03-22 21:42:24 [DEBUG] Selected group: QA
2025-03-22 21:42:24 [DEBUG] Selected group: NET
2025-03-22 21:42:24 [DEBUG] Total selected groups: 3
2025-03-22 21:42:24 [DEBUG] Loading GUI elements...
2025-03-22 21:42:24 [DEBUG] Selected AD groups: DEV;QA;NET
2025-03-22 21:42:24 [DEBUG] GUI elements successfully loaded.
2025-03-22 21:42:24 [DEBUG] Selected DisplayTemplate Value: {first} {last}
2025-03-22 21:42:24 [DEBUG] Using direct template format: {first} {last}
2025-03-22 21:42:24 [DEBUG] Formatted DisplayName: Heiderose Zobel
2025-03-22 21:42:24 [DEBUG] userData object created -> 

OU                  : OU=ZUERICH,OU=Mitarbeiter,OU=USER,DC=phinit,DC=de
FirstName           : Heiderose
LastName            : Zobel
DisplayName         : Heiderose Zobel
Description         : Automatisch generierter Testbenutzer
EmailAddress        : hzobel
OfficeRoom          : 2.OG R192
PhoneNumber         : (07661) 51829
MobileNumber        : +49(0) 079657136
Position            : Medizininformatiker
DepartmentField     : IT
Ablaufdatum         : 
ADGroupsSelected    : DEV;QA;NET
External            : False
TL                  : True
AL                  : True
TLGroup             : TEAM1TL
MailSuffix          : @phinit.de
License             : MS365_E3
setProxyMailAddress : False
UPNFormat           : {first} {last}
AccountDisabled     : False
CompanyName         : PhinIT
CompanyStrasse      : PhinIT Weg 1
CompanyPLZ          : 12345
CompanyOrt          : PhinIT Stadt
CompanyDomain       : phinit.local
CompanyTelefon      : +49 123 4567890
CompanyCountry      : DE
PasswordMode        : 1
Password            : 


2025-03-22 21:42:24 [DEBUG] Starting Invoke-Onboarding...
2025-03-22 21:42:24 [DEBUG] Invoke-Onboarding: Start
2025-03-22 21:42:24 [DEBUG] [DEBUG] UPNFormat loaded from INI: FIRSTNAME.LASTNAME
2025-03-22 21:42:24 [DEBUG] [DEBUG] userData: {"OU":"OU=ZUERICH,OU=Mitarbeiter,OU=USER,DC=phinit,DC=de","FirstName":"Heiderose","LastName":"Zobel","DisplayName":"Heiderose Zobel","Description":"Automatisch generierter Testbenutzer","EmailAddress":"hzobel","OfficeRoom":"2.OG R192","PhoneNumber":"(07661) 51829","MobileNumber":"+49(0) 079657136","Position":"Medizininformatiker","DepartmentField":"IT","Ablaufdatum":"","ADGroupsSelected":"DEV;QA;NET","External":false,"TL":true,"AL":true,"TLGroup":"TEAM1TL","MailSuffix":"@phinit.de","License":"MS365_E3","setProxyMailAddress":false,"UPNFormat":"{first} {last}","AccountDisabled":false,"CompanyName":"PhinIT","CompanyStrasse":"PhinIT Weg 1","CompanyPLZ":"12345","CompanyOrt":"PhinIT Stadt","CompanyDomain":"phinit.local","CompanyTelefon":"+49 123 4567890","CompanyCountry":"DE","PasswordMode":1,"Password":""}
2025-03-22 21:42:24 [DEBUG] Invoke-Onboarding: Checking if ActiveDirectory module is already loaded
2025-03-22 21:42:24 [DEBUG] Invoke-Onboarding: Checking mandatory fields
2025-03-22 21:42:24 [DEBUG] Selected OU: OU=ZUERICH,OU=Mitarbeiter,OU=USER,DC=phinit,DC=de
2025-03-22 21:42:24 [DEBUG] DEBUG LINE 898: Checking all important variables
2025-03-22 21:42:24 [DEBUG] SamAccountName: Will be generated
2025-03-22 21:42:24 [DEBUG] UPNFormat: {first} {last}
2025-03-22 21:42:24 [DEBUG] MailSuffix: @phinit.de
2025-03-22 21:42:25 [DEBUG] ADGroupsSelected: DEV;QA;NET
2025-03-22 21:42:25 [DEBUG] License: MS365_E3
2025-03-22 21:42:25 [DEBUG] Invoke-Onboarding: Determining main password
2025-03-22 21:42:25 [DEBUG] Invoke-Onboarding: Checking [PasswordFixGenerate] keys
2025-03-22 21:42:25 [DEBUG] Invoke-Onboarding: Reading password settings from INI
2025-03-22 21:42:25 [DEBUG] Invoke-Onboarding: Generating password with New-AdvancedPassword
2025-03-22 21:42:25 [DEBUG] New-AdvancedPassword: Defining character pools
2025-03-22 21:42:25 [DEBUG] New-AdvancedPassword: Removing ambiguous characters if desired
2025-03-22 21:42:25 [DEBUG] New-AdvancedPassword: Starting password generation
2025-03-22 21:42:25 [DEBUG] New-AdvancedPassword: Adding minimum number of uppercase letters
2025-03-22 21:42:25 [DEBUG] New-AdvancedPassword: Adding minimum number of digits
2025-03-22 21:42:25 [DEBUG] New-AdvancedPassword: Filling up to desired length
2025-03-22 21:42:25 [DEBUG] New-AdvancedPassword: Randomizing order
2025-03-22 21:42:25 [DEBUG] New-AdvancedPassword: Checking minimum number of non-alphabetic characters
2025-03-22 21:42:25 [DEBUG] Advanced password generated successfully.
2025-03-22 21:42:25 [DEBUG] Invoke-Onboarding: Generating additional custom passwords
2025-03-22 21:42:25 [DEBUG] New-AdvancedPassword: Defining character pools
2025-03-22 21:42:25 [DEBUG] New-AdvancedPassword: Removing ambiguous characters if desired
2025-03-22 21:42:25 [DEBUG] New-AdvancedPassword: Starting password generation
2025-03-22 21:42:25 [DEBUG] New-AdvancedPassword: Adding minimum number of uppercase letters
2025-03-22 21:42:25 [DEBUG] New-AdvancedPassword: Adding minimum number of digits
2025-03-22 21:42:25 [DEBUG] New-AdvancedPassword: Filling up to desired length
2025-03-22 21:42:25 [DEBUG] New-AdvancedPassword: Randomizing order
2025-03-22 21:42:25 [DEBUG] New-AdvancedPassword: Checking minimum number of non-alphabetic characters
2025-03-22 21:42:25 [DEBUG] Advanced password generated successfully.
2025-03-22 21:42:25 [DEBUG] New-AdvancedPassword: Defining character pools
2025-03-22 21:42:25 [DEBUG] New-AdvancedPassword: Removing ambiguous characters if desired
2025-03-22 21:42:25 [DEBUG] New-AdvancedPassword: Starting password generation
2025-03-22 21:42:25 [DEBUG] New-AdvancedPassword: Adding minimum number of uppercase letters
2025-03-22 21:42:25 [DEBUG] New-AdvancedPassword: Adding minimum number of digits
2025-03-22 21:42:25 [DEBUG] New-AdvancedPassword: Filling up to desired length
2025-03-22 21:42:25 [DEBUG] New-AdvancedPassword: Randomizing order
2025-03-22 21:42:25 [DEBUG] New-AdvancedPassword: Checking minimum number of non-alphabetic characters
2025-03-22 21:42:25 [DEBUG] Advanced password generated successfully.
2025-03-22 21:42:25 [DEBUG] New-AdvancedPassword: Defining character pools
2025-03-22 21:42:25 [DEBUG] New-AdvancedPassword: Removing ambiguous characters if desired
2025-03-22 21:42:25 [DEBUG] New-AdvancedPassword: Starting password generation
2025-03-22 21:42:25 [DEBUG] New-AdvancedPassword: Adding minimum number of uppercase letters
2025-03-22 21:42:25 [DEBUG] New-AdvancedPassword: Adding minimum number of digits
2025-03-22 21:42:25 [DEBUG] New-AdvancedPassword: Filling up to desired length
2025-03-22 21:42:25 [DEBUG] New-AdvancedPassword: Randomizing order
2025-03-22 21:42:25 [DEBUG] New-AdvancedPassword: Checking minimum number of non-alphabetic characters
2025-03-22 21:42:25 [DEBUG] Advanced password generated successfully.
2025-03-22 21:42:25 [DEBUG] New-AdvancedPassword: Defining character pools
2025-03-22 21:42:25 [DEBUG] New-AdvancedPassword: Removing ambiguous characters if desired
2025-03-22 21:42:25 [DEBUG] New-AdvancedPassword: Starting password generation
2025-03-22 21:42:25 [DEBUG] New-AdvancedPassword: Adding minimum number of uppercase letters
2025-03-22 21:42:25 [DEBUG] New-AdvancedPassword: Adding minimum number of digits
2025-03-22 21:42:25 [DEBUG] New-AdvancedPassword: Filling up to desired length
2025-03-22 21:42:26 [DEBUG] New-AdvancedPassword: Randomizing order
2025-03-22 21:42:26 [DEBUG] New-AdvancedPassword: Checking minimum number of non-alphabetic characters
2025-03-22 21:42:26 [DEBUG] Advanced password generated successfully.
2025-03-22 21:42:26 [DEBUG] New-AdvancedPassword: Defining character pools
2025-03-22 21:42:26 [DEBUG] New-AdvancedPassword: Removing ambiguous characters if desired
2025-03-22 21:42:26 [DEBUG] New-AdvancedPassword: Starting password generation
2025-03-22 21:42:26 [DEBUG] New-AdvancedPassword: Adding minimum number of uppercase letters
2025-03-22 21:42:26 [DEBUG] New-AdvancedPassword: Adding minimum number of digits
2025-03-22 21:42:26 [DEBUG] New-AdvancedPassword: Filling up to desired length
2025-03-22 21:42:26 [DEBUG] New-AdvancedPassword: Randomizing order
2025-03-22 21:42:26 [DEBUG] New-AdvancedPassword: Checking minimum number of non-alphabetic characters
2025-03-22 21:42:26 [DEBUG] Advanced password generated successfully.
2025-03-22 21:42:26 [DEBUG] Invoke-Onboarding: Creating SamAccountName and UPN
2025-03-22 21:42:26 [DEBUG] SamAccountName= hzobel
2025-03-22 21:42:26 [DEBUG] Using Company section: 'Company'
2025-03-22 21:42:26 [DEBUG] UPN template loaded from INI: {FIRST} {LAST}
2025-03-22 21:42:26 [DEBUG] UPN template (from INI): {FIRST} {LAST}
2025-03-22 21:42:26 [DEBUG] Invoke-Onboarding: Reading [Company] data from config using section 'Company'
2025-03-22 21:42:26 [DEBUG] Generated SamAccountName: hzobel
2025-03-22 21:42:26 [DEBUG] Generated UPN: heiderose.zobel@phinit.local
2025-03-22 21:42:26 [DEBUG] Using company section: Company
2025-03-22 21:42:26 [DEBUG] UPN and SamAccountName processing complete
2025-03-22 21:42:26 [DEBUG] Invoke-Onboarding: Reading [Company] data from config
2025-03-22 21:42:26 [DEBUG] Found CompanyDomain: www.phinit.de
2025-03-22 21:42:26 [DEBUG] Set user website attribute to: www.phinit.de
2025-03-22 21:42:26 [DEBUG] Invoke-Onboarding: Checking mail suffix from userData
2025-03-22 21:42:26 [DEBUG] userData.MailSuffix= @phinit.de
2025-03-22 21:42:26 [DEBUG] Added primary proxy address: SMTP:hzobel@phinit.de
2025-03-22 21:42:26 [DEBUG] Added secondary MS365 proxy address: smtp:hzobel@phinit.onmicrosoft.com
2025-03-22 21:42:26 [DEBUG] Set proxyAddresses attribute with 2 addresses
2025-03-22 21:42:26 [DEBUG] Country = DE
2025-03-22 21:42:26 [DEBUG] Company Display = PhinIT
2025-03-22 21:42:26 [DEBUG] Invoke-Onboarding: Checking [ADUserDefaults]
2025-03-22 21:42:26 [DEBUG] Invoke-Onboarding: Building userParams for AD
2025-03-22 21:42:26 [DEBUG] Invoke-Onboarding: Building otherAttributes
2025-03-22 21:42:26 [DEBUG] Invoke-Onboarding: Checking if user already exists in AD
2025-03-22 21:42:26 [DEBUG] Invoke-Onboarding: Creating new user: Heiderose Zobel
2025-03-22 21:42:26 [DEBUG] Invoke-Onboarding: Setting AD account password (Reset)
2025-03-22 21:42:26 [DEBUG] Invoke-Onboarding: Handling AD group assignments
2025-03-22 21:42:26 [DEBUG] Processing ADGroupsSelected: DEV;QA;NET

2025-03-22 21:42:26 [DEBUG] Split ADGroupsSelected string into array of 3 items
2025-03-22 21:42:26 [DEBUG] Processing group key: 'DEV'
2025-03-22 21:42:26 [DEBUG] Attempting to add user directly to group 'DEV' by name
2025-03-22 21:42:27 [DEBUG] Could not add directly to group name 'DEV': Unter "DC=phinit,DC=de" kann kein Objekt mit der ID "DEV" gefunden werden.
2025-03-22 21:42:27 [DEBUG] Found group name 'TEAM-1' for key 'DEV'
2025-03-22 21:42:27 [DEBUG] Added user to group 'TEAM-1' via config key.
2025-03-22 21:42:27 [DEBUG] Processing group key: 'QA'
2025-03-22 21:42:27 [DEBUG] Attempting to add user directly to group 'QA' by name
2025-03-22 21:42:27 [DEBUG] Could not add directly to group name 'QA': Unter "DC=phinit,DC=de" kann kein Objekt mit der ID "QA" gefunden werden.
2025-03-22 21:42:27 [DEBUG] Found group name 'TEAM-3' for key 'QA'
2025-03-22 21:42:27 [DEBUG] Added user to group 'TEAM-3' via config key.
2025-03-22 21:42:27 [DEBUG] Processing group key: 'NET'
2025-03-22 21:42:27 [DEBUG] Attempting to add user directly to group 'NET' by name
2025-03-22 21:42:27 [DEBUG] Could not add directly to group name 'NET': Unter "DC=phinit,DC=de" kann kein Objekt mit der ID "NET" gefunden werden.
2025-03-22 21:42:27 [DEBUG] Found group name 'TEAM-5' for key 'NET'
2025-03-22 21:42:27 [DEBUG] Added user to group 'TEAM-5' via config key.
2025-03-22 21:42:27 [DEBUG] Invoke-Onboarding: TL is true - adding user to selected TLGroup: 'TEAM1TL'
2025-03-22 21:42:27 [DEBUG] Using direct TL group name: TEAM1TL
2025-03-22 21:42:27 [DEBUG] Added user to Team-Leader group 'TEAM1TL'.
2025-03-22 21:42:27 [DEBUG] Invoke-Onboarding: AL is true - adding user to ALGroup
2025-03-22 21:42:27 [DEBUG] Found ALGroup: AL_Group
2025-03-22 21:42:27 [DEBUG] Added user to Abteilungsleiter group 'AL_Group'.
2025-03-22 21:42:27 [DEBUG] Invoke-Onboarding: InitialGroupMembership
2025-03-22 21:42:27 [DEBUG] Added user to default group 'ALLE-MITARBEITER'.
2025-03-22 21:42:27 [DEBUG] Processing license group with key: MS365_MS365_E3
2025-03-22 21:42:27 [DEBUG] Found license group 'GRP_Lizenz_E3' via simplified key lookup
2025-03-22 21:42:27 [DEBUG] Added user to license group 'GRP_Lizenz_E3'.
2025-03-22 21:42:27 [DEBUG] Added user to AD-Sync group 'MS365_ADSync_Group'.
2025-03-22 21:42:27 [DEBUG] Invoke-Onboarding: Logging to file
2025-03-22 21:42:27 [INFO] ONBOARDING PERFORMED BY: PHINIT\Administrator, SamAccountName: hzobel, Display Name: 'Heiderose Zobel', UPN: 'heiderose.zobel@phinit.local', Location: '', Company: 'PhinIT', License: 'MS365_E3', Password: 'X28PlUr826@3o(Y', External: False
2025-03-22 21:42:27 [DEBUG] Log written
2025-03-22 21:42:27 [DEBUG] Invoke-Onboarding: Creating HTML and/or TXT reports
2025-03-22 21:42:27 [DEBUG] Reading HTML template from: C:\easyIT\DATA\easyONBOARDING\ReportTemplates\HTMLTemplate.txt
2025-03-22 21:42:27 [DEBUG] HTML report created: C:\easyIT\DATA\easyONBOARDING\Reports\hzobel.html
2025-03-22 21:42:27 [DEBUG] Reading txtTemplate from: C:\easyIT\DATA\easyONBOARDING\ReportTemplates\TXTTemplate.txt
2025-03-22 21:42:27 [DEBUG] Writing final TXT to: C:\easyIT\DATA\easyONBOARDING\Reports\hzobel.txt
2025-03-22 21:42:27 [DEBUG] TXT report created: C:\easyIT\DATA\easyONBOARDING\Reports\hzobel.txt
2025-03-22 21:42:27 [DEBUG] Invoke-Onboarding: Returning final result object
2025-03-22 21:42:27 [DEBUG] Onboarding process completed successfully.
2025-03-22 21:42:27 [DEBUG] Invoke-Onboarding completed.
2025-03-22 21:42:49 [DEBUG] System.Collections.Specialized.OrderedDictionary successfully loaded: 
Name                           Value
----                           -----
SamAccountName                 hzobel
UPN                            heiderose.zobel@phinit.local
Password                       X28PlUr826@3o(Y


2025-03-22 21:43:03 [DEBUG] GUI started successfully, result: False
2025-03-22 21:43:03 [DEBUG] Main GUI execution completed.
